build/app/intermediates/manifest_merge_blame_file/release/manifest-merger-blame-release-report.txt
1<?xml version="1.0" encoding="utf-8"?>
2<manifest xmlns:android="http://schemas.android.com/apk/res/android"
3    package="com.example.exhalapp"
4    android:versionCode="1"
5    android:versionName="0.1.0" >
6
7    <uses-sdk
8        android:minSdkVersion="19"
8-->src\main\AndroidManifest.xml
9        android:targetSdkVersion="33" />
9-->src\main\AndroidManifest.xml
10
11    <!-- Allow Bluetooth -->
12    <uses-feature
12-->src\main\AndroidManifest.xml:5:5-90
13        android:name="android.hardware.bluetooth_le"
13-->src\main\AndroidManifest.xml:5:19-63
14        android:required="true" />
14-->src\main\AndroidManifest.xml:5:64-87
15
16    <!-- Permissions options for the `storage` group -->
17    <uses-permission android:name="android.permission.READ_EXTERNAL_STORAGE" />
17-->src\main\AndroidManifest.xml:8:5-79
17-->src\main\AndroidManifest.xml:8:22-77
18    <uses-permission android:name="android.permission.WRITE_EXTERNAL_STORAGE" />
18-->src\main\AndroidManifest.xml:9:5-80
18-->src\main\AndroidManifest.xml:9:22-78
19    <!-- Permissions options for the `manage external storage` group -->
20    <uses-permission android:name="android.permission.MANAGE_EXTERNAL_STORAGE" />
20-->src\main\AndroidManifest.xml:11:5-82
20-->src\main\AndroidManifest.xml:11:22-79
21
22    <!-- Permissions options for the `location` group -->
23    <uses-permission android:name="android.permission.ACCESS_FINE_LOCATION" />
23-->src\main\AndroidManifest.xml:14:5-79
23-->src\main\AndroidManifest.xml:14:22-76
24    <uses-permission android:name="android.permission.ACCESS_COARSE_LOCATION" />
24-->src\main\AndroidManifest.xml:15:5-81
24-->src\main\AndroidManifest.xml:15:22-78
25    <uses-permission android:name="android.permission.ACCESS_BACKGROUND_LOCATION" />
25-->src\main\AndroidManifest.xml:16:5-85
25-->src\main\AndroidManifest.xml:16:22-82
26
27    <!-- Permissions options for the `nearby devices` group -->
28    <!-- <uses-permission android:name="android.permission.BLUETOOTH" /> -->
29    <!-- <uses-permission android:name="android.permission.BLUETOOTH_ADMIN" /> -->
30    <uses-permission android:name="android.permission.BLUETOOTH_SCAN" />
30-->src\main\AndroidManifest.xml:21:5-73
30-->src\main\AndroidManifest.xml:21:22-70
31    <uses-permission android:name="android.permission.BLUETOOTH_ADVERTISE" />
31-->src\main\AndroidManifest.xml:22:5-78
31-->src\main\AndroidManifest.xml:22:22-75
32    <uses-permission android:name="android.permission.BLUETOOTH_CONNECT" />
32-->src\main\AndroidManifest.xml:23:5-76
32-->src\main\AndroidManifest.xml:23:22-73
33
34    <!-- Request legacy Bluetooth permissions on older devices. -->
35    <uses-permission
35-->src\main\AndroidManifest.xml:26:5-95
36        android:name="android.permission.BLUETOOTH"
36-->src\main\AndroidManifest.xml:26:22-65
37        android:maxSdkVersion="30" />
37-->src\main\AndroidManifest.xml:26:66-92
38    <uses-permission
38-->src\main\AndroidManifest.xml:27:5-101
39        android:name="android.permission.BLUETOOTH_ADMIN"
39-->src\main\AndroidManifest.xml:27:22-71
40        android:maxSdkVersion="30" />
40-->src\main\AndroidManifest.xml:27:72-98
41
42    <application
43        android:name="android.app.Application"
43-->src\main\AndroidManifest.xml:31:9-42
44        android:appComponentFactory="androidx.core.app.CoreComponentFactory"
44-->[androidx.core:core:1.8.0] AndroidManifest.xml:24:18-86
45        android:icon="@mipmap/ic_launcher"
45-->src\main\AndroidManifest.xml:32:9-43
46        android:label="ExhalApp" >
46-->src\main\AndroidManifest.xml:30:9-33
47        <activity
47-->src\main\AndroidManifest.xml:33:9-53:20
48            android:name="com.example.exhalapp.MainActivity"
48-->src\main\AndroidManifest.xml:34:13-41
49            android:configChanges="orientation|keyboardHidden|keyboard|screenSize|smallestScreenSize|locale|layoutDirection|fontScale|screenLayout|density|uiMode"
49-->src\main\AndroidManifest.xml:38:13-163
50            android:exported="true"
50-->src\main\AndroidManifest.xml:35:13-36
51            android:hardwareAccelerated="true"
51-->src\main\AndroidManifest.xml:39:13-47
52            android:launchMode="singleTop"
52-->src\main\AndroidManifest.xml:36:13-43
53            android:theme="@style/LaunchTheme"
53-->src\main\AndroidManifest.xml:37:13-47
54            android:windowSoftInputMode="adjustResize" >
54-->src\main\AndroidManifest.xml:40:13-55
55
56            <!--
57                 Specifies an Android theme to apply to this Activity as soon as
58                 the Android process has started. This theme is visible to the user
59                 while the Flutter UI initializes. After that, this theme continues
60                 to determine the Window background behind the Flutter UI.
61            -->
62            <meta-data
62-->src\main\AndroidManifest.xml:45:13-48:17
63                android:name="io.flutter.embedding.android.NormalTheme"
63-->src\main\AndroidManifest.xml:46:15-70
64                android:resource="@style/NormalTheme" />
64-->src\main\AndroidManifest.xml:47:15-52
65
66            <intent-filter>
66-->src\main\AndroidManifest.xml:49:13-52:29
67                <action android:name="android.intent.action.MAIN" />
67-->src\main\AndroidManifest.xml:50:17-68
67-->src\main\AndroidManifest.xml:50:25-66
68
69                <category android:name="android.intent.category.LAUNCHER" />
69-->src\main\AndroidManifest.xml:51:17-76
69-->src\main\AndroidManifest.xml:51:27-74
70            </intent-filter>
71        </activity>
72        <!--
73             Don't delete the meta-data below.
74             This is used by the Flutter tool to generate GeneratedPluginRegistrant.java
75        -->
76        <meta-data
76-->src\main\AndroidManifest.xml:56:9-58:33
77            android:name="flutterEmbedding"
77-->src\main\AndroidManifest.xml:57:13-44
78            android:value="2" />
78-->src\main\AndroidManifest.xml:58:13-30
79
80        <provider
80-->[:open_file] AndroidManifest.xml:11:9-20:20
81            android:name="com.crazecoder.openfile.FileProvider"
81-->[:open_file] AndroidManifest.xml:12:13-64
82            android:authorities="com.example.exhalapp.fileProvider.com.crazecoder.openfile"
82-->[:open_file] AndroidManifest.xml:13:13-88
83            android:exported="false"
83-->[:open_file] AndroidManifest.xml:14:13-37
84            android:grantUriPermissions="true" >
84-->[:open_file] AndroidManifest.xml:15:13-47
85            <meta-data
85-->[:open_file] AndroidManifest.xml:17:13-19:53
86                android:name="android.support.FILE_PROVIDER_PATHS"
86-->[:open_file] AndroidManifest.xml:18:17-67
87                android:resource="@xml/filepaths" />
87-->[:open_file] AndroidManifest.xml:19:17-50
88        </provider>
89
90        <service
90-->[:location] AndroidManifest.xml:13:9-17:56
91            android:name="com.lyokone.location.FlutterLocationService"
91-->[:location] AndroidManifest.xml:14:13-71
92            android:enabled="true"
92-->[:location] AndroidManifest.xml:15:13-35
93            android:exported="false"
93-->[:location] AndroidManifest.xml:16:13-37
94            android:foregroundServiceType="location" />
94-->[:location] AndroidManifest.xml:17:13-53
95
96        <uses-library
96-->[androidx.window:window:1.0.0-beta04] AndroidManifest.xml:25:9-27:40
97            android:name="androidx.window.extensions"
97-->[androidx.window:window:1.0.0-beta04] AndroidManifest.xml:26:13-54
98            android:required="false" />
98-->[androidx.window:window:1.0.0-beta04] AndroidManifest.xml:27:13-37
99        <uses-library
99-->[androidx.window:window:1.0.0-beta04] AndroidManifest.xml:28:9-30:40
100            android:name="androidx.window.sidecar"
100-->[androidx.window:window:1.0.0-beta04] AndroidManifest.xml:29:13-51
101            android:required="false" />
101-->[androidx.window:window:1.0.0-beta04] AndroidManifest.xml:30:13-37
102
103        <activity
103-->[com.google.android.gms:play-services-base:16.0.1] AndroidManifest.xml:23:9-26:75
104            android:name="com.google.android.gms.common.api.GoogleApiActivity"
104-->[com.google.android.gms:play-services-base:16.0.1] AndroidManifest.xml:24:13-79
105            android:exported="false"
105-->[com.google.android.gms:play-services-base:16.0.1] AndroidManifest.xml:25:13-37
106            android:theme="@android:style/Theme.Translucent.NoTitleBar" />
106-->[com.google.android.gms:play-services-base:16.0.1] AndroidManifest.xml:26:13-72
107
108        <meta-data
108-->[com.google.android.gms:play-services-basement:16.0.1] AndroidManifest.xml:23:9-25:69
109            android:name="com.google.android.gms.version"
109-->[com.google.android.gms:play-services-basement:16.0.1] AndroidManifest.xml:24:13-58
110            android:value="@integer/google_play_services_version" />
110-->[com.google.android.gms:play-services-basement:16.0.1] AndroidManifest.xml:25:13-66
111    </application>
112
113</manifest>